<?xml version="1.0" encoding="UTF-8" ?>
<testsuite failures="0" time="1.316" errors="1" skipped="0" tests="1" name="test.TestExpressionReporitoryImpl">
  <properties>
    <property name="java.runtime.name" value="Java(TM) SE Runtime Environment"/>
    <property name="sun.boot.library.path" value="/usr/lib/jvm/java-7-oracle/jre/lib/amd64"/>
    <property name="java.vm.version" value="24.80-b11"/>
    <property name="java.vm.vendor" value="Oracle Corporation"/>
    <property name="maven.multiModuleProjectDirectory" value="/home/medhanie/Documents/2nd_year_courses/My_thesis_work/Source Code/SnomedCTExpressionRepository"/>
    <property name="java.vendor.url" value="http://java.oracle.com/"/>
    <property name="path.separator" value=":"/>
    <property name="guice.disable.misplaced.annotation.check" value="true"/>
    <property name="java.vm.name" value="Java HotSpot(TM) 64-Bit Server VM"/>
    <property name="file.encoding.pkg" value="sun.io"/>
    <property name="user.country" value="US"/>
    <property name="sun.java.launcher" value="SUN_STANDARD"/>
    <property name="sun.os.patch.level" value="unknown"/>
    <property name="java.vm.specification.name" value="Java Virtual Machine Specification"/>
    <property name="user.dir" value="/home/medhanie/Documents/2nd_year_courses/My_thesis_work/Source Code/SnomedCTExpressionRepository"/>
    <property name="java.runtime.version" value="1.7.0_80-b15"/>
    <property name="java.awt.graphicsenv" value="sun.awt.X11GraphicsEnvironment"/>
    <property name="java.endorsed.dirs" value="/usr/lib/jvm/java-7-oracle/jre/lib/endorsed"/>
    <property name="os.arch" value="amd64"/>
    <property name="java.io.tmpdir" value="/tmp"/>
    <property name="line.separator" value="
"/>
    <property name="java.vm.specification.vendor" value="Oracle Corporation"/>
    <property name="os.name" value="Linux"/>
    <property name="classworlds.conf" value="/home/medhanie/workspace/.metadata/.plugins/org.eclipse.m2e.launching/launches/m2conf7407544048557015331.tmp"/>
    <property name="sun.jnu.encoding" value="UTF-8"/>
    <property name="java.library.path" value="/usr/java/packages/lib/amd64:/usr/lib64:/lib64:/lib:/usr/lib"/>
    <property name="java.specification.name" value="Java Platform API Specification"/>
    <property name="java.class.version" value="51.0"/>
    <property name="sun.management.compiler" value="HotSpot 64-Bit Tiered Compilers"/>
    <property name="os.version" value="4.2.0-16-generic"/>
    <property name="user.home" value="/home/medhanie"/>
    <property name="user.timezone" value="Europe/Stockholm"/>
    <property name="java.awt.printerjob" value="sun.print.PSPrinterJob"/>
    <property name="file.encoding" value="UTF-8"/>
    <property name="java.specification.version" value="1.7"/>
    <property name="user.name" value="medhanie"/>
    <property name="java.class.path" value="/opt/eclipse/plugins/org.eclipse.m2e.maven.runtime_1.6.2.20150902-0001/jars/plexus-classworlds-2.5.2.jar"/>
    <property name="java.vm.specification.version" value="1.7"/>
    <property name="sun.arch.data.model" value="64"/>
    <property name="java.home" value="/usr/lib/jvm/java-7-oracle/jre"/>
    <property name="sun.java.command" value="org.codehaus.plexus.classworlds.launcher.Launcher -B install"/>
    <property name="java.specification.vendor" value="Oracle Corporation"/>
    <property name="user.language" value="en"/>
    <property name="awt.toolkit" value="sun.awt.X11.XToolkit"/>
    <property name="java.vm.info" value="mixed mode"/>
    <property name="java.version" value="1.7.0_80"/>
    <property name="java.ext.dirs" value="/usr/lib/jvm/java-7-oracle/jre/lib/ext:/usr/java/packages/lib/ext"/>
    <property name="securerandom.source" value="file:/dev/./urandom"/>
    <property name="sun.boot.class.path" value="/usr/lib/jvm/java-7-oracle/jre/lib/resources.jar:/usr/lib/jvm/java-7-oracle/jre/lib/rt.jar:/usr/lib/jvm/java-7-oracle/jre/lib/sunrsasign.jar:/usr/lib/jvm/java-7-oracle/jre/lib/jsse.jar:/usr/lib/jvm/java-7-oracle/jre/lib/jce.jar:/usr/lib/jvm/java-7-oracle/jre/lib/charsets.jar:/usr/lib/jvm/java-7-oracle/jre/lib/jfr.jar:/usr/lib/jvm/java-7-oracle/jre/classes"/>
    <property name="java.vendor" value="Oracle Corporation"/>
    <property name="maven.home" value="/home/medhanie/Documents/2nd_year_courses/My_thesis_work/Source Code/SnomedCTExpressionRepository/EMBEDDED"/>
    <property name="file.separator" value="/"/>
    <property name="java.vendor.url.bug" value="http://bugreport.sun.com/bugreport/"/>
    <property name="sun.cpu.endian" value="little"/>
    <property name="sun.io.unicode.encoding" value="UnicodeLittle"/>
    <property name="sun.desktop" value="gnome"/>
    <property name="sun.cpu.isalist" value=""/>
  </properties>
  <testcase time="1.316" classname="test.TestExpressionReporitoryImpl" name="test.TestExpressionReporitoryImpl">
    <error message="home" type="org.semanticweb.owlapi.io.OWLOntologyCreationIOException">org.semanticweb.owlapi.io.OWLOntologyCreationIOException: home
	at uk.ac.manchester.cs.owl.owlapi.OWLOntologyFactoryImpl.loadOWLOntology(OWLOntologyFactoryImpl.java:207)
	at uk.ac.manchester.cs.owl.owlapi.OWLOntologyManagerImpl.actualParse(OWLOntologyManagerImpl.java:1061)
	at uk.ac.manchester.cs.owl.owlapi.OWLOntologyManagerImpl.loadOntology(OWLOntologyManagerImpl.java:1017)
	at uk.ac.manchester.cs.owl.owlapi.OWLOntologyManagerImpl.loadOntologyFromOntologyDocument(OWLOntologyManagerImpl.java:960)
	at se.liu.imt.mi.snomedct.expressionrepository.ExpressionRepositoryImpl.&lt;init&gt;(ExpressionRepositoryImpl.java:105)
	at test.TestExpressionReporitoryImpl.oneTimeSetUp(TestExpressionReporitoryImpl.java:43)
	at sun.reflect.NativeMethodAccessorImpl.invoke0(Native Method)
	at sun.reflect.NativeMethodAccessorImpl.invoke(NativeMethodAccessorImpl.java:57)
	at sun.reflect.DelegatingMethodAccessorImpl.invoke(DelegatingMethodAccessorImpl.java:43)
	at java.lang.reflect.Method.invoke(Method.java:606)
	at org.junit.runners.model.FrameworkMethod$1.runReflectiveCall(FrameworkMethod.java:50)
	at org.junit.internal.runners.model.ReflectiveCallable.run(ReflectiveCallable.java:12)
	at org.junit.runners.model.FrameworkMethod.invokeExplosively(FrameworkMethod.java:47)
	at org.junit.internal.runners.statements.RunBefores.evaluate(RunBefores.java:24)
	at org.junit.internal.runners.statements.RunAfters.evaluate(RunAfters.java:27)
	at org.junit.runners.ParentRunner.run(ParentRunner.java:363)
	at org.apache.maven.surefire.junit4.JUnit4Provider.execute(JUnit4Provider.java:252)
	at org.apache.maven.surefire.junit4.JUnit4Provider.executeTestSet(JUnit4Provider.java:141)
	at org.apache.maven.surefire.junit4.JUnit4Provider.invoke(JUnit4Provider.java:112)
	at sun.reflect.NativeMethodAccessorImpl.invoke0(Native Method)
	at sun.reflect.NativeMethodAccessorImpl.invoke(NativeMethodAccessorImpl.java:57)
	at sun.reflect.DelegatingMethodAccessorImpl.invoke(DelegatingMethodAccessorImpl.java:43)
	at java.lang.reflect.Method.invoke(Method.java:606)
	at org.apache.maven.surefire.util.ReflectionUtils.invokeMethodWithArray(ReflectionUtils.java:189)
	at org.apache.maven.surefire.booter.ProviderFactory$ProviderProxy.invoke(ProviderFactory.java:165)
	at org.apache.maven.surefire.booter.ProviderFactory.invokeProvider(ProviderFactory.java:85)
	at org.apache.maven.surefire.booter.ForkedBooter.runSuitesInProcess(ForkedBooter.java:115)
	at org.apache.maven.surefire.booter.ForkedBooter.main(ForkedBooter.java:75)
Caused by: java.net.UnknownHostException: home
	at java.net.AbstractPlainSocketImpl.connect(AbstractPlainSocketImpl.java:178)
	at java.net.Socket.connect(Socket.java:579)
	at sun.net.ftp.impl.FtpClient.doConnect(FtpClient.java:953)
	at sun.net.ftp.impl.FtpClient.tryConnect(FtpClient.java:918)
	at sun.net.ftp.impl.FtpClient.connect(FtpClient.java:1013)
	at sun.net.ftp.impl.FtpClient.connect(FtpClient.java:999)
	at sun.net.www.protocol.ftp.FtpURLConnection.connect(FtpURLConnection.java:294)
	at sun.net.www.protocol.ftp.FtpURLConnection.getInputStream(FtpURLConnection.java:393)
	at org.semanticweb.owlapi.io.AbstractOWLParser.getInputStreamFromContentEncoding(AbstractOWLParser.java:165)
	at org.semanticweb.owlapi.io.AbstractOWLParser.getInputStream(AbstractOWLParser.java:127)
	at org.semanticweb.owlapi.io.AbstractOWLParser.getInputSource(AbstractOWLParser.java:232)
	at org.semanticweb.owlapi.rdf.rdfxml.parser.RDFXMLParser.parse(RDFXMLParser.java:72)
	at uk.ac.manchester.cs.owl.owlapi.OWLOntologyFactoryImpl.loadOWLOntology(OWLOntologyFactoryImpl.java:197)
	... 27 more
</error>
    <system-out>2016-07-20 22:32:14,062 [main] DEBUG org.apache.commons.configuration.ConfigurationUtils - ConfigurationUtils.locate(): base is null, name is config.xml
2016-07-20 22:32:14,063 [main] DEBUG org.apache.commons.configuration.DefaultFileSystem - Could not locate file config.xml at null: no protocol: config.xml
2016-07-20 22:32:14,069 [main] DEBUG org.apache.commons.configuration.ConfigurationUtils - Loading configuration from the context classpath (config.xml)
2016-07-20 22:32:14,106 [main] DEBUG se.liu.imt.mi.snomedct.expressionrepository.ExpressionRepositoryImpl - Configuration in &apos;config.xml&apos; loaded
2016-07-20 22:32:14,256 [main] DEBUG se.liu.imt.mi.snomedct.expressionrepository.ExpressionRepositoryImpl - DataStore initialized
2016-07-20 22:32:14,994 [main] DEBUG se.liu.imt.mi.snomedct.expressionrepository.ExpressionRepositoryImpl - Starting to load ontology into memory
2016-07-20 22:32:15,154 [main] DEBUG se.liu.imt.mi.snomedct.expressionrepository.ExpressionRepositoryImpl - Exception
org.semanticweb.owlapi.io.OWLOntologyCreationIOException: home
	at uk.ac.manchester.cs.owl.owlapi.OWLOntologyFactoryImpl.loadOWLOntology(OWLOntologyFactoryImpl.java:207)
	at uk.ac.manchester.cs.owl.owlapi.OWLOntologyManagerImpl.actualParse(OWLOntologyManagerImpl.java:1061)
	at uk.ac.manchester.cs.owl.owlapi.OWLOntologyManagerImpl.loadOntology(OWLOntologyManagerImpl.java:1017)
	at uk.ac.manchester.cs.owl.owlapi.OWLOntologyManagerImpl.loadOntologyFromOntologyDocument(OWLOntologyManagerImpl.java:960)
	at se.liu.imt.mi.snomedct.expressionrepository.ExpressionRepositoryImpl.&lt;init&gt;(ExpressionRepositoryImpl.java:105)
	at test.TestExpressionReporitoryImpl.oneTimeSetUp(TestExpressionReporitoryImpl.java:43)
	at sun.reflect.NativeMethodAccessorImpl.invoke0(Native Method)
	at sun.reflect.NativeMethodAccessorImpl.invoke(NativeMethodAccessorImpl.java:57)
	at sun.reflect.DelegatingMethodAccessorImpl.invoke(DelegatingMethodAccessorImpl.java:43)
	at java.lang.reflect.Method.invoke(Method.java:606)
	at org.junit.runners.model.FrameworkMethod$1.runReflectiveCall(FrameworkMethod.java:50)
	at org.junit.internal.runners.model.ReflectiveCallable.run(ReflectiveCallable.java:12)
	at org.junit.runners.model.FrameworkMethod.invokeExplosively(FrameworkMethod.java:47)
	at org.junit.internal.runners.statements.RunBefores.evaluate(RunBefores.java:24)
	at org.junit.internal.runners.statements.RunAfters.evaluate(RunAfters.java:27)
	at org.junit.runners.ParentRunner.run(ParentRunner.java:363)
	at org.apache.maven.surefire.junit4.JUnit4Provider.execute(JUnit4Provider.java:252)
	at org.apache.maven.surefire.junit4.JUnit4Provider.executeTestSet(JUnit4Provider.java:141)
	at org.apache.maven.surefire.junit4.JUnit4Provider.invoke(JUnit4Provider.java:112)
	at sun.reflect.NativeMethodAccessorImpl.invoke0(Native Method)
	at sun.reflect.NativeMethodAccessorImpl.invoke(NativeMethodAccessorImpl.java:57)
	at sun.reflect.DelegatingMethodAccessorImpl.invoke(DelegatingMethodAccessorImpl.java:43)
	at java.lang.reflect.Method.invoke(Method.java:606)
	at org.apache.maven.surefire.util.ReflectionUtils.invokeMethodWithArray(ReflectionUtils.java:189)
	at org.apache.maven.surefire.booter.ProviderFactory$ProviderProxy.invoke(ProviderFactory.java:165)
	at org.apache.maven.surefire.booter.ProviderFactory.invokeProvider(ProviderFactory.java:85)
	at org.apache.maven.surefire.booter.ForkedBooter.runSuitesInProcess(ForkedBooter.java:115)
	at org.apache.maven.surefire.booter.ForkedBooter.main(ForkedBooter.java:75)
Caused by: java.net.UnknownHostException: home
	at java.net.AbstractPlainSocketImpl.connect(AbstractPlainSocketImpl.java:178)
	at java.net.Socket.connect(Socket.java:579)
	at sun.net.ftp.impl.FtpClient.doConnect(FtpClient.java:953)
	at sun.net.ftp.impl.FtpClient.tryConnect(FtpClient.java:918)
	at sun.net.ftp.impl.FtpClient.connect(FtpClient.java:1013)
	at sun.net.ftp.impl.FtpClient.connect(FtpClient.java:999)
	at sun.net.www.protocol.ftp.FtpURLConnection.connect(FtpURLConnection.java:294)
	at sun.net.www.protocol.ftp.FtpURLConnection.getInputStream(FtpURLConnection.java:393)
	at org.semanticweb.owlapi.io.AbstractOWLParser.getInputStreamFromContentEncoding(AbstractOWLParser.java:165)
	at org.semanticweb.owlapi.io.AbstractOWLParser.getInputStream(AbstractOWLParser.java:127)
	at org.semanticweb.owlapi.io.AbstractOWLParser.getInputSource(AbstractOWLParser.java:232)
	at org.semanticweb.owlapi.rdf.rdfxml.parser.RDFXMLParser.parse(RDFXMLParser.java:72)
	at uk.ac.manchester.cs.owl.owlapi.OWLOntologyFactoryImpl.loadOWLOntology(OWLOntologyFactoryImpl.java:197)
	... 27 more
2016-07-20 22:32:15,156 [main] DEBUG org.apache.commons.configuration.ConfigurationUtils - ConfigurationUtils.locate(): base is null, name is config.xml
2016-07-20 22:32:15,156 [main] DEBUG org.apache.commons.configuration.DefaultFileSystem - Could not locate file config.xml at null: no protocol: config.xml
2016-07-20 22:32:15,156 [main] DEBUG org.apache.commons.configuration.ConfigurationUtils - Loading configuration from the context classpath (config.xml)
2016-07-20 22:32:15,200 [main] DEBUG test.TestExpressionReporitoryImpl - Restored to 7/20/16 10:32 PM
</system-out>
  </testcase>
</testsuite>